[10-Nov-2019 15:55:15 Europe/Berlin] Cant find datetime for https://www.theverge.com/2017/10/18/15844084/star-wars-han-solo-news-trailers-pictures-movie
[10-Nov-2019 15:56:27 Europe/Berlin] Cant find datetime for https://www.theverge.com/2017/10/18/15844084/star-wars-han-solo-news-trailers-pictures-movie
[10-Nov-2019 16:17:26 Europe/Berlin] PHP Fatal error:  Uncaught PDOException: SQLSTATE[42S22]: Column not found: 1054 Unknown column 'VgArticle.translated' in 'where clause' in /Users/pavelkurskiy/DocumentsMY/sites/crawler/vendor/propel/propel/src/Propel/Runtime/Connection/StatementWrapper.php:194
Stack trace:
#0 /Users/pavelkurskiy/DocumentsMY/sites/crawler/vendor/propel/propel/src/Propel/Runtime/Connection/StatementWrapper.php(194): PDOStatement->execute(NULL)
#1 /Users/pavelkurskiy/DocumentsMY/sites/crawler/vendor/propel/propel/src/Propel/Runtime/ActiveQuery/Criteria.php(2642): Propel\Runtime\Connection\StatementWrapper->execute()
#2 /Users/pavelkurskiy/DocumentsMY/sites/crawler/vendor/propel/propel/src/Propel/Runtime/ActiveQuery/ModelCriteria.php(1988): Propel\Runtime\ActiveQuery\Criteria->doSelect(Object(Propel\Runtime\Connection\ConnectionWrapper))
#3 /Users/pavelkurskiy/DocumentsMY/sites/crawler/vendor/propel/propel/src/Propel/Runtime/ActiveQuery/ModelCriteria.php(997): Propel\Runtime\ActiveQuery\ModelCriteria->doSelect(Object(Propel\Runtime\Connection\Con in /Users/pavelkurskiy/DocumentsMY/sites/crawler/vendor/propel/propel/src/Propel/Runtime/ActiveQuery/Criteria.php on line 2648
[10-Nov-2019 16:18:15 Europe/Berlin] PHP Fatal error:  Uncaught PDOException: SQLSTATE[42S22]: Column not found: 1054 Unknown column 'VgArticle.translated' in 'where clause' in /Users/pavelkurskiy/DocumentsMY/sites/crawler/vendor/propel/propel/src/Propel/Runtime/Connection/StatementWrapper.php:194
Stack trace:
#0 /Users/pavelkurskiy/DocumentsMY/sites/crawler/vendor/propel/propel/src/Propel/Runtime/Connection/StatementWrapper.php(194): PDOStatement->execute(NULL)
#1 /Users/pavelkurskiy/DocumentsMY/sites/crawler/vendor/propel/propel/src/Propel/Runtime/ActiveQuery/Criteria.php(2642): Propel\Runtime\Connection\StatementWrapper->execute()
#2 /Users/pavelkurskiy/DocumentsMY/sites/crawler/vendor/propel/propel/src/Propel/Runtime/ActiveQuery/ModelCriteria.php(1988): Propel\Runtime\ActiveQuery\Criteria->doSelect(Object(Propel\Runtime\Connection\ConnectionWrapper))
#3 /Users/pavelkurskiy/DocumentsMY/sites/crawler/vendor/propel/propel/src/Propel/Runtime/ActiveQuery/ModelCriteria.php(997): Propel\Runtime\ActiveQuery\ModelCriteria->doSelect(Object(Propel\Runtime\Connection\Con in /Users/pavelkurskiy/DocumentsMY/sites/crawler/vendor/propel/propel/src/Propel/Runtime/ActiveQuery/Criteria.php on line 2648
[10-Nov-2019 18:52:16 Europe/Berlin] PHP Fatal error:  Uncaught Error: Class 'GoogleTranslate' not found in /Users/pavelkurskiy/DocumentsMY/sites/crawler/main.php:89
Stack trace:
#0 {main}
  thrown in /Users/pavelkurskiy/DocumentsMY/sites/crawler/main.php on line 89
[10-Nov-2019 18:57:44 Europe/Berlin] PHP Fatal error:  Uncaught TypeError: Return value of Stichoza\GoogleTranslate\GoogleTranslate::translate() must be of the type string, null returned in /Users/pavelkurskiy/DocumentsMY/sites/crawler/vendor/stichoza/google-translate-php/src/GoogleTranslate.php:235
Stack trace:
#0 /Users/pavelkurskiy/DocumentsMY/sites/crawler/main.php(85): Stichoza\GoogleTranslate\GoogleTranslate->translate(' \n')
#1 /Users/pavelkurskiy/DocumentsMY/sites/crawler/main.php(94): translateContent()
#2 {main}
  thrown in /Users/pavelkurskiy/DocumentsMY/sites/crawler/vendor/stichoza/google-translate-php/src/GoogleTranslate.php on line 235
[10-Nov-2019 18:58:03 Europe/Berlin] PHP Fatal error:  Uncaught TypeError: Return value of Stichoza\GoogleTranslate\GoogleTranslate::translate() must be of the type string, null returned in /Users/pavelkurskiy/DocumentsMY/sites/crawler/vendor/stichoza/google-translate-php/src/GoogleTranslate.php:235
Stack trace:
#0 /Users/pavelkurskiy/DocumentsMY/sites/crawler/main.php(85): Stichoza\GoogleTranslate\GoogleTranslate->translate(' ')
#1 /Users/pavelkurskiy/DocumentsMY/sites/crawler/main.php(94): translateContent()
#2 {main}
  thrown in /Users/pavelkurskiy/DocumentsMY/sites/crawler/vendor/stichoza/google-translate-php/src/GoogleTranslate.php on line 235
[10-Nov-2019 18:59:37 Europe/Berlin] PHP Fatal error:  Uncaught TypeError: Return value of Stichoza\GoogleTranslate\GoogleTranslate::translate() must be of the type string, null returned in /Users/pavelkurskiy/DocumentsMY/sites/crawler/vendor/stichoza/google-translate-php/src/GoogleTranslate.php:235
Stack trace:
#0 /Users/pavelkurskiy/DocumentsMY/sites/crawler/main.php(83): Stichoza\GoogleTranslate\GoogleTranslate->translate(' ')
#1 /Users/pavelkurskiy/DocumentsMY/sites/crawler/main.php(93): translateContent()
#2 {main}
  thrown in /Users/pavelkurskiy/DocumentsMY/sites/crawler/vendor/stichoza/google-translate-php/src/GoogleTranslate.php on line 235
[10-Nov-2019 19:00:06 Europe/Berlin] PHP Fatal error:  Uncaught TypeError: Return value of Stichoza\GoogleTranslate\GoogleTranslate::translate() must be of the type string, null returned in /Users/pavelkurskiy/DocumentsMY/sites/crawler/vendor/stichoza/google-translate-php/src/GoogleTranslate.php:235
Stack trace:
#0 /Users/pavelkurskiy/DocumentsMY/sites/crawler/main.php(83): Stichoza\GoogleTranslate\GoogleTranslate->translate(' ')
#1 /Users/pavelkurskiy/DocumentsMY/sites/crawler/main.php(93): translateContent()
#2 {main}
  thrown in /Users/pavelkurskiy/DocumentsMY/sites/crawler/vendor/stichoza/google-translate-php/src/GoogleTranslate.php on line 235
[10-Nov-2019 19:05:44 Europe/Berlin] PHP Fatal error:  Uncaught TypeError: Return value of Stichoza\GoogleTranslate\GoogleTranslate::translate() must be of the type string, null returned in /Users/pavelkurskiy/DocumentsMY/sites/crawler/vendor/stichoza/google-translate-php/src/GoogleTranslate.php:235
Stack trace:
#0 /Users/pavelkurskiy/DocumentsMY/sites/crawler/main.php(83): Stichoza\GoogleTranslate\GoogleTranslate->translate(' ')
#1 /Users/pavelkurskiy/DocumentsMY/sites/crawler/main.php(95): translateContent()
#2 {main}
  thrown in /Users/pavelkurskiy/DocumentsMY/sites/crawler/vendor/stichoza/google-translate-php/src/GoogleTranslate.php on line 235
[10-Nov-2019 19:06:15 Europe/Berlin] PHP Fatal error:  Uncaught TypeError: Return value of Stichoza\GoogleTranslate\GoogleTranslate::translate() must be of the type string, null returned in /Users/pavelkurskiy/DocumentsMY/sites/crawler/vendor/stichoza/google-translate-php/src/GoogleTranslate.php:235
Stack trace:
#0 /Users/pavelkurskiy/DocumentsMY/sites/crawler/main.php(83): Stichoza\GoogleTranslate\GoogleTranslate->translate(' ')
#1 /Users/pavelkurskiy/DocumentsMY/sites/crawler/main.php(97): translateContent()
#2 {main}
  thrown in /Users/pavelkurskiy/DocumentsMY/sites/crawler/vendor/stichoza/google-translate-php/src/GoogleTranslate.php on line 235
[10-Nov-2019 19:08:42 Europe/Berlin] PHP Fatal error:  Uncaught ErrorException: Client error: `GET https://translate.google.com/translate_a/single?client=webapp&hl=en&dt=t&dt=bd&dt=at&dt=ex&dt=ld&dt=md&dt=qca&dt=rw&dt=rm&dt=ss&sl=auto&tl=ru&q=Hulu+announced+that+it+would+adapt+the+show+in+August+2016%2C+and+ordered+the+show+to+a+series+in+May.+It+joins+other+Marvel+television+properties+such+as+Cloak+%26amp%3B+Dagger+%28on+Freeform%29%2C+ABC%5Cu2019s+Agents+of+SHIELD%2C+and+the+entire+array+of+Defenders+shows+on+Netflix.+Like+Cloak+%26amp%3B+Dagger%2C+this+show+definitely+looks+like+it%5Cu2019s+angling+in+on+the+young+adult+story%2C+which+isn%5Cu2019t+a+surprise%2C+given+that+it%5Cu2019s+been+created+by+OC+creator+Josh+Schwartz+and+Gossip+Girl+co-creator+Stephanie+Savage.&ie=UTF-8&oe=UTF-8&multires=1&otf=0&pc=1&trs=1&ssel=0&tsel=0&kc=1&tk=623095.1028745` resulted in a `403 Forbidden` response:
<!DOCTYPE html><html lang=en><meta charset=utf-8><meta name=viewport content="initial-scale=1, minimum-scale=1, width=de (truncated...)
 in /Users/pavelkurskiy/DocumentsMY/ in /Users/pavelkurskiy/DocumentsMY/sites/crawler/vendor/stichoza/google-translate-php/src/GoogleTranslate.php on line 306
[10-Nov-2019 19:10:38 Europe/Berlin] PHP Fatal error:  Uncaught ErrorException: Client error: `GET https://translate.google.com/translate_a/single?client=webapp&hl=en&dt=t&dt=bd&dt=at&dt=ex&dt=ld&dt=md&dt=qca&dt=rw&dt=rm&dt=ss&sl=auto&tl=ru&q=Hulu+announced+that+it+would+adapt+the+show+in+August+2016%2C+and+ordered+the+show+to+a+series+in+May.+It+joins+other+Marvel+television+properties+such+as+Cloak+%26amp%3B+Dagger+%28on+Freeform%29%2C+ABC%5Cu2019s+Agents+of+SHIELD%2C+and+the+entire+array+of+Defenders+shows+on+Netflix.+Like+Cloak+%26amp%3B+Dagger%2C+this+show+definitely+looks+like+it%5Cu2019s+angling+in+on+the+young+adult+story%2C+which+isn%5Cu2019t+a+surprise%2C+given+that+it%5Cu2019s+been+created+by+OC+creator+Josh+Schwartz+and+Gossip+Girl+co-creator+Stephanie+Savage.&ie=UTF-8&oe=UTF-8&multires=1&otf=0&pc=1&trs=1&ssel=0&tsel=0&kc=1&tk=623095.1028745` resulted in a `403 Forbidden` response:
<!DOCTYPE html><html lang=en><meta charset=utf-8><meta name=viewport content="initial-scale=1, minimum-scale=1, width=de (truncated...)
 in /Users/pavelkurskiy/DocumentsMY/ in /Users/pavelkurskiy/DocumentsMY/sites/crawler/vendor/stichoza/google-translate-php/src/GoogleTranslate.php on line 306
[10-Nov-2019 19:31:49 Europe/Berlin] PHP Fatal error:  Uncaught TypeError: Return value of Stichoza\GoogleTranslate\GoogleTranslate::translate() must be of the type string, null returned in /Users/pavelkurskiy/DocumentsMY/sites/crawler/vendor/stichoza/google-translate-php/src/GoogleTranslate.php:235
Stack trace:
#0 /Users/pavelkurskiy/DocumentsMY/sites/crawler/main.php(81): Stichoza\GoogleTranslate\GoogleTranslate->translate(' ')
#1 /Users/pavelkurskiy/DocumentsMY/sites/crawler/main.php(89): translateContent()
#2 {main}
  thrown in /Users/pavelkurskiy/DocumentsMY/sites/crawler/vendor/stichoza/google-translate-php/src/GoogleTranslate.php on line 235
[10-Nov-2019 20:00:19 Europe/Berlin] PHP Notice:  Array to string conversion in /Users/pavelkurskiy/DocumentsMY/sites/crawler/src/orm/orm/Base/VgArticle.php on line 567
[10-Nov-2019 20:13:02 Europe/Berlin] PHP Fatal error:  Uncaught ErrorException: Client error: `GET https://translate.google.com/translate_a/single?client=webapp&hl=en&dt=t&dt=bd&dt=at&dt=ex&dt=ld&dt=md&dt=qca&dt=rw&dt=rm&dt=ss&sl=auto&tl=ru&q=Writer%5Cu2019s+note%3A+Since+the+initial+launch+of+this+watch%2C+a+software+update+has+been+issued+to+fix+the+connectivity+issues%2C+the+music+streaming+feature+has+been+rolled+out%2C+and+we%5Cu2019ve+also+had+a+chance+to+review+the+non-LTE+version+of+the+watch.+Overall+this+has+significantly+improved+our+experience+with+the+Apple+Watch+Series+3%3B+however%2C+the+original+review+remains+unchanged+below.&ie=UTF-8&oe=UTF-8&multires=1&otf=0&pc=1&trs=1&ssel=0&tsel=0&kc=1&tk=270170.142372` resulted in a `429 Too Many Requests` response:
<!DOCTYPE html PUBLIC "-//W3C//DTD HTML 4.01 Transitional//EN">
<html>
<head><meta http-equiv="content-type" content="te (truncated...)
 in /Users/pavelkurskiy/DocumentsMY/sites/crawler/vendor/stichoza/google-translate-php/src/GoogleTranslate.php:306
Stack trace:
#0 /Users/pavelkurskiy/DocumentsM in /Users/pavelkurskiy/DocumentsMY/sites/crawler/vendor/stichoza/google-translate-php/src/GoogleTranslate.php on line 306
[10-Nov-2019 20:14:15 Europe/Berlin] PHP Fatal error:  Uncaught ErrorException: Client error: `GET https://translate.google.com/translate_a/single?client=webapp&hl=en&dt=t&dt=bd&dt=at&dt=ex&dt=ld&dt=md&dt=qca&dt=rw&dt=rm&dt=ss&sl=auto&tl=ru&q=Writer%5Cu2019s+note%3A+Since+the+initial+launch+of+this+watch%2C+a+software+update+has+been+issued+to+fix+the+connectivity+issues%2C+the+music+streaming+feature+has+been+rolled+out%2C+and+we%5Cu2019ve+also+had+a+chance+to+review+the+non-LTE+version+of+the+watch.+Overall+this+has+significantly+improved+our+experience+with+the+Apple+Watch+Series+3%3B+however%2C+the+original+review+remains+unchanged+below.&ie=UTF-8&oe=UTF-8&multires=1&otf=0&pc=1&trs=1&ssel=0&tsel=0&kc=1&tk=270170.142372` resulted in a `429 Too Many Requests` response:
<!DOCTYPE html PUBLIC "-//W3C//DTD HTML 4.01 Transitional//EN">
<html>
<head><meta http-equiv="content-type" content="te (truncated...)
 in /Users/pavelkurskiy/DocumentsMY/sites/crawler/vendor/stichoza/google-translate-php/src/GoogleTranslate.php:306
Stack trace:
#0 /Users/pavelkurskiy/DocumentsM in /Users/pavelkurskiy/DocumentsMY/sites/crawler/vendor/stichoza/google-translate-php/src/GoogleTranslate.php on line 306
[10-Nov-2019 20:18:46 Europe/Berlin] PHP Fatal error:  Uncaught ErrorException: Client error: `GET https://translate.google.com/translate_a/single?client=webapp&hl=en&dt=t&dt=bd&dt=at&dt=ex&dt=ld&dt=md&dt=qca&dt=rw&dt=rm&dt=ss&sl=auto&tl=ru&q=What+it%27s+like+to+fly+through+a+hurricane.&ie=UTF-8&oe=UTF-8&multires=1&otf=0&pc=1&trs=1&ssel=0&tsel=0&kc=1&tk=821864.702742` resulted in a `429 Too Many Requests` response:
<!DOCTYPE html PUBLIC "-//W3C//DTD HTML 4.01 Transitional//EN">
<html>
<head><meta http-equiv="content-type" content="te (truncated...)
 in /Users/pavelkurskiy/DocumentsMY/sites/crawler/vendor/stichoza/google-translate-php/src/GoogleTranslate.php:306
Stack trace:
#0 /Users/pavelkurskiy/DocumentsMY/sites/crawler/vendor/stichoza/google-translate-php/src/GoogleTranslate.php(223): Stichoza\GoogleTranslate\GoogleTranslate->getResponse('What it's like ...')
#1 /Users/pavelkurskiy/DocumentsMY/sites/crawler/main.php(85): Stichoza\GoogleTranslate\GoogleTranslate->translate('What it's like ...')
#2 /Users/pavelkurskiy/DocumentsMY/sites/crawler/main.php(105): tra in /Users/pavelkurskiy/DocumentsMY/sites/crawler/vendor/stichoza/google-translate-php/src/GoogleTranslate.php on line 306
[11-Nov-2019 19:31:01 Europe/Berlin] PHP Fatal error:  Uncaught ErrorException: Client error: `GET https://translate.google.com/translate_a/single?client=webapp&hl=en&dt=t&dt=bd&dt=at&dt=ex&dt=ld&dt=md&dt=qca&dt=rw&dt=rm&dt=ss&sl=auto&tl=ru&q=Writer%5Cu2019s+note%3A+Since+the+initial+launch+of+this+watch%2C+a+software+update+has+been+issued+to+fix+the+connectivity+issues%2C+the+music+streaming+feature+has+been+rolled+out%2C+and+we%5Cu2019ve+also+had+a+chance+to+review+the+non-LTE+version+of+the+watch.+Overall+this+has+significantly+improved+our+experience+with+the+Apple+Watch+Series+3%3B+however%2C+the+original+review+remains+unchanged+below.&ie=UTF-8&oe=UTF-8&multires=1&otf=0&pc=1&trs=1&ssel=0&tsel=0&kc=1&tk=270170.142372` resulted in a `429 Too Many Requests` response:
<!DOCTYPE html PUBLIC "-//W3C//DTD HTML 4.01 Transitional//EN">
<html>
<head><meta http-equiv="content-type" content="te (truncated...)
 in /Users/pavelkurskiy/DocumentsMY/sites/crawler/vendor/stichoza/google-translate-php/src/GoogleTranslate.php:306
Stack trace:
#0 /Users/pavelkurskiy/DocumentsM in /Users/pavelkurskiy/DocumentsMY/sites/crawler/vendor/stichoza/google-translate-php/src/GoogleTranslate.php on line 306
[11-Nov-2019 19:43:54 Europe/Berlin] PHP Fatal error:  Uncaught ErrorException: cURL error 7: Unsupported proxy scheme for 'tcp://localhost:8090' (see https://curl.haxx.se/libcurl/c/libcurl-errors.html) in /Users/pavelkurskiy/DocumentsMY/sites/crawler/vendor/stichoza/google-translate-php/src/GoogleTranslate.php:306
Stack trace:
#0 /Users/pavelkurskiy/DocumentsMY/sites/crawler/vendor/stichoza/google-translate-php/src/GoogleTranslate.php(223): Stichoza\GoogleTranslate\GoogleTranslate->getResponse('Hello')
#1 /Users/pavelkurskiy/DocumentsMY/sites/crawler/main.php(68): Stichoza\GoogleTranslate\GoogleTranslate->translate('Hello')
#2 /Users/pavelkurskiy/DocumentsMY/sites/crawler/main.php(109): translateContent()
#3 {main}
  thrown in /Users/pavelkurskiy/DocumentsMY/sites/crawler/vendor/stichoza/google-translate-php/src/GoogleTranslate.php on line 306
[11-Nov-2019 19:44:06 Europe/Berlin] PHP Fatal error:  Uncaught ErrorException: cURL error 7: Unsupported proxy scheme for 'tcp://localhost:8090' (see https://curl.haxx.se/libcurl/c/libcurl-errors.html) in /Users/pavelkurskiy/DocumentsMY/sites/crawler/vendor/stichoza/google-translate-php/src/GoogleTranslate.php:306
Stack trace:
#0 /Users/pavelkurskiy/DocumentsMY/sites/crawler/vendor/stichoza/google-translate-php/src/GoogleTranslate.php(223): Stichoza\GoogleTranslate\GoogleTranslate->getResponse('Hello')
#1 /Users/pavelkurskiy/DocumentsMY/sites/crawler/main.php(68): Stichoza\GoogleTranslate\GoogleTranslate->translate('Hello')
#2 /Users/pavelkurskiy/DocumentsMY/sites/crawler/main.php(109): translateContent()
#3 {main}
  thrown in /Users/pavelkurskiy/DocumentsMY/sites/crawler/vendor/stichoza/google-translate-php/src/GoogleTranslate.php on line 306
[11-Nov-2019 19:45:43 Europe/Berlin] PHP Fatal error:  Uncaught ErrorException: cURL error 7: Unsupported proxy scheme for 'tcp://localhost:9124' (see https://curl.haxx.se/libcurl/c/libcurl-errors.html) in /Users/pavelkurskiy/DocumentsMY/sites/crawler/vendor/stichoza/google-translate-php/src/GoogleTranslate.php:306
Stack trace:
#0 /Users/pavelkurskiy/DocumentsMY/sites/crawler/vendor/stichoza/google-translate-php/src/GoogleTranslate.php(223): Stichoza\GoogleTranslate\GoogleTranslate->getResponse('Writer\\u2019s n...')
#1 /Users/pavelkurskiy/DocumentsMY/sites/crawler/main.php(96): Stichoza\GoogleTranslate\GoogleTranslate->translate('Writer\\u2019s n...')
#2 /Users/pavelkurskiy/DocumentsMY/sites/crawler/main.php(119): translateContent()
#3 {main}
  thrown in /Users/pavelkurskiy/DocumentsMY/sites/crawler/vendor/stichoza/google-translate-php/src/GoogleTranslate.php on line 306
[13-Nov-2019 21:29:29 Europe/Berlin] PHP Notice:  Trying to get property of non-object in /Users/pavelkurskiy/DocumentsMY/sites/crawler/src/article/Article.php on line 38
[13-Nov-2019 21:29:38 Europe/Berlin] Cant find datetime for https://www.theverge.com/2017/10/13/16379046/stranger-things-season-2-netflix-storystream-news-updates-trailers
[13-Nov-2019 21:35:18 Europe/Berlin] PHP Fatal error:  Uncaught TypeError: Return value of Stichoza\GoogleTranslate\GoogleTranslate::translate() must be of the type string, null returned in /Users/pavelkurskiy/DocumentsMY/sites/crawler/vendor/stichoza/google-translate-php/src/GoogleTranslate.php:235
Stack trace:
#0 /Users/pavelkurskiy/DocumentsMY/sites/crawler/main.php(85): Stichoza\GoogleTranslate\GoogleTranslate->translate('  ')
#1 /Users/pavelkurskiy/DocumentsMY/sites/crawler/main.php(111): translateContent()
#2 {main}
  thrown in /Users/pavelkurskiy/DocumentsMY/sites/crawler/vendor/stichoza/google-translate-php/src/GoogleTranslate.php on line 235
